[2022-04-10 12:43:11,894][MainThread:9576][task_id:用户记录][user_interface.py:19][INFO][kevin进行了注册]
[2022-04-10 12:43:25,781][MainThread:9576][task_id:用户记录][user_interface.py:30][INFO][kevin登录了系统]
[2022-04-10 12:43:35,494][MainThread:9576][task_id:银行记录][bank_interface.py:17][DEBUG][kevin提现了10]
[2022-04-10 12:43:39,953][MainThread:9576][task_id:银行记录][bank_interface.py:26][DEBUG][kevin充值了10]
[2022-04-10 12:43:47,627][MainThread:9576][task_id:银行记录][bank_interface.py:45][DEBUG][kevin转账给jason10元]
[2022-04-10 12:43:51,690][MainThread:9576][task_id:银行记录][bank_interface.py:51][INFO][kevin查看了余额]
[2022-04-10 12:44:04,143][MainThread:9576][task_id:购物记录][shop_interface.py:29][INFO][kevin添加了商品]
[2022-04-10 12:44:10,467][MainThread:9576][task_id:购物记录][shop_interface.py:75][INFO][kevin查看了购物车]
[2022-04-10 12:44:13,143][MainThread:9576][task_id:购物记录][shop_interface.py:67][DEBUG][kevin结算购物车花了250]
[2022-04-10 12:44:23,338][MainThread:9576][task_id:银行记录][bank_interface.py:51][INFO][kevin查看了余额]
[2022-04-10 14:19:53,471][MainThread:6672][task_id:用户记录][user_interface.py:30][INFO][jason登录了系统]
[2022-04-10 14:20:31,934][MainThread:12448][task_id:用户记录][user_interface.py:30][INFO][jason登录了系统]
[2022-04-10 14:20:59,220][MainThread:10584][task_id:用户记录][user_interface.py:30][INFO][jason登录了系统]
[2022-04-10 14:23:28,596][MainThread:7336][task_id:用户记录][user_interface.py:30][INFO][jason登录了系统]
[2022-04-10 14:39:14,331][MainThread:2436][task_id:用户记录][user_interface.py:30][INFO][jason登录了系统]
[2022-04-10 14:39:21,924][MainThread:2436][task_id:管理员记录][admin_interface.py:13][DEBUG][None冻结了tony]
[2022-04-10 14:41:05,011][MainThread:12804][task_id:用户记录][user_interface.py:30][INFO][jason登录了系统]
[2022-04-10 14:41:22,817][MainThread:12804][task_id:管理员记录][admin_interface.py:14][DEBUG][jason冻结了kevin]
[2022-04-10 14:52:53,482][MainThread:6432][task_id:用户记录][user_interface.py:32][INFO][jason登录了系统]
[2022-04-10 14:53:09,329][MainThread:6432][task_id:管理员记录][admin_interface.py:40][DEBUG][jason删除了kevin]
[2022-04-10 14:53:22,041][MainThread:13200][task_id:用户记录][user_interface.py:32][INFO][jason登录了系统]
[2022-04-10 14:53:27,218][MainThread:13200][task_id:管理员记录][admin_interface.py:40][DEBUG][jason删除了tony]
[2022-04-10 14:57:10,704][MainThread:6060][task_id:用户记录][user_interface.py:19][INFO][tony进行了注册]
[2022-04-10 14:57:16,466][MainThread:6060][task_id:用户记录][user_interface.py:19][INFO][kevin进行了注册]
[2022-04-10 14:57:31,592][MainThread:6060][task_id:用户记录][user_interface.py:32][INFO][jason登录了系统]
[2022-04-10 14:57:55,491][MainThread:11060][task_id:用户记录][user_interface.py:32][INFO][jason登录了系统]
[2022-04-10 14:58:05,665][MainThread:11060][task_id:管理员记录][admin_interface.py:44][DEBUG][jason删除了tony]
[2022-04-10 14:58:27,593][MainThread:11060][task_id:管理员记录][admin_interface.py:29][DEBUG][jason修改了kevin的额度]
[2022-04-10 15:01:38,208][MainThread:5744][task_id:用户记录][user_interface.py:32][INFO][kevin登录了系统]
[2022-04-10 15:01:47,865][MainThread:5744][task_id:购物记录][shop_interface.py:28][INFO][kevin添加了商品]
[2022-04-10 15:10:12,553][MainThread:12704][task_id:用户记录][user_interface.py:32][INFO][kevin登录了系统]
[2022-04-10 15:10:18,504][MainThread:12704][task_id:购物记录][shop_interface.py:28][INFO][kevin添加了商品]
[2022-04-10 15:10:26,279][MainThread:12704][task_id:用户记录][user_interface.py:32][INFO][jason登录了系统]
[2022-04-10 15:11:39,821][MainThread:12704][task_id:购物记录][shop_interface.py:28][INFO][jason添加了商品]
[2022-04-10 15:20:12,590][MainThread:2024][task_id:用户记录][user_interface.py:32][INFO][jason登录了系统]
[2022-04-10 15:20:23,939][MainThread:2024][task_id:购物记录][shop_interface.py:28][INFO][jason添加了商品]
[2022-04-10 15:20:35,735][MainThread:2024][task_id:管理员记录][admin_interface.py:59][DEBUG][jason添加了商品纸壳子]
[2022-04-10 15:20:45,367][MainThread:2024][task_id:购物记录][shop_interface.py:28][INFO][jason添加了商品]
[2022-04-10 15:21:26,368][MainThread:2024][task_id:购物记录][shop_interface.py:28][INFO][jason添加了商品]
[2022-04-10 15:48:25,268][MainThread:11140][task_id:用户记录][user_interface.py:32][INFO][jason登录了系统]
[2022-04-10 15:48:35,053][MainThread:11140][task_id:购物记录][shop_interface.py:28][INFO][jason添加了商品]
[2022-04-10 15:48:54,036][MainThread:11140][task_id:管理员记录][admin_interface.py:59][DEBUG][jason添加了商品纸壳子]
[2022-04-10 15:49:00,220][MainThread:11140][task_id:购物记录][shop_interface.py:28][INFO][jason添加了商品]
[2022-04-10 15:49:45,843][MainThread:10728][task_id:用户记录][user_interface.py:32][INFO][jason登录了系统]
[2022-04-10 15:49:58,020][MainThread:10728][task_id:管理员记录][admin_interface.py:59][DEBUG][jason添加了商品纸壳子]
[2022-04-10 15:50:07,228][MainThread:10728][task_id:购物记录][shop_interface.py:28][INFO][jason添加了商品]
[2022-04-10 15:53:31,403][MainThread:7624][task_id:用户记录][user_interface.py:32][INFO][jason登录了系统]
[2022-04-10 15:53:43,716][MainThread:7624][task_id:管理员记录][admin_interface.py:59][DEBUG][jason添加了商品牛奶]
[2022-04-10 15:53:48,965][MainThread:7624][task_id:购物记录][shop_interface.py:28][INFO][jason添加了商品]
[2022-04-10 15:55:15,091][MainThread:5468][task_id:用户记录][user_interface.py:32][INFO][jason登录了系统]
[2022-04-10 15:55:24,204][MainThread:5468][task_id:管理员记录][admin_interface.py:59][DEBUG][jason添加了商品牛奶]
[2022-04-10 16:01:32,068][MainThread:2612][task_id:用户记录][user_interface.py:32][INFO][jason登录了系统]
[2022-04-10 16:01:41,482][MainThread:2612][task_id:管理员记录][admin_interface.py:59][DEBUG][jason添加了商品牛奶]
[2022-04-10 16:02:15,757][MainThread:2612][task_id:购物记录][shop_interface.py:28][INFO][jason添加了商品]
[2022-04-10 16:04:48,619][MainThread:6680][task_id:用户记录][user_interface.py:19][INFO][admin进行了注册]
[2022-04-10 16:17:57,161][MainThread:12552][task_id:用户记录][user_interface.py:19][INFO][tony进行了注册]
[2022-04-10 16:18:02,798][MainThread:12552][task_id:用户记录][user_interface.py:32][INFO][tony登录了系统]
[2022-04-10 16:18:15,073][MainThread:12552][task_id:银行记录][bank_interface.py:17][DEBUG][tony提现了10]
[2022-04-10 16:18:21,097][MainThread:12552][task_id:银行记录][bank_interface.py:26][DEBUG][tony充值了10]
[2022-04-10 16:18:31,092][MainThread:12552][task_id:用户记录][user_interface.py:32][INFO][tony登录了系统]
[2022-04-10 16:18:40,225][MainThread:12552][task_id:银行记录][bank_interface.py:45][DEBUG][tony转账给jason10元]
[2022-04-10 16:19:01,216][MainThread:12552][task_id:银行记录][bank_interface.py:51][INFO][tony查看了余额]
[2022-04-10 16:19:22,247][MainThread:12552][task_id:购物记录][shop_interface.py:28][INFO][tony添加了商品]
[2022-04-10 16:19:26,237][MainThread:12552][task_id:购物记录][shop_interface.py:74][INFO][tony查看了购物车]
[2022-04-10 16:19:32,346][MainThread:12552][task_id:购物记录][shop_interface.py:66][DEBUG][tony结算购物车花了250]
[2022-04-10 16:19:50,665][MainThread:12552][task_id:用户记录][user_interface.py:32][INFO][jason登录了系统]
[2022-04-10 16:19:51,952][MainThread:12552][task_id:银行记录][bank_interface.py:51][INFO][jason查看了余额]
[2022-04-10 16:22:07,424][MainThread:7916][task_id:用户记录][user_interface.py:19][INFO][jason进行了注册]
[2022-04-10 16:22:18,131][MainThread:7916][task_id:用户记录][user_interface.py:32][INFO][jason登录了系统]
[2022-04-10 16:22:44,072][MainThread:7916][task_id:用户记录][user_interface.py:32][INFO][admin登录了系统]
[2022-04-10 16:23:02,953][MainThread:7916][task_id:管理员记录][admin_interface.py:59][DEBUG][admin添加了商品牛奶]
[2022-04-10 16:23:25,305][MainThread:7916][task_id:用户记录][user_interface.py:32][INFO][jason登录了系统]
[2022-04-10 16:23:31,258][MainThread:7916][task_id:购物记录][shop_interface.py:28][INFO][jason添加了商品]
[2022-04-10 16:24:20,186][MainThread:340][task_id:用户记录][user_interface.py:32][INFO][admin登录了系统]
[2022-04-10 16:24:46,376][MainThread:340][task_id:用户记录][user_interface.py:19][INFO][jaon进行了注册]
[2022-04-10 16:25:02,437][MainThread:340][task_id:管理员记录][admin_interface.py:14][DEBUG][admin冻结了jaon]
[2022-04-10 16:25:35,664][MainThread:6048][task_id:用户记录][user_interface.py:19][INFO][jason进行了注册]
[2022-04-10 16:25:48,631][MainThread:6048][task_id:用户记录][user_interface.py:32][INFO][admin登录了系统]
[2022-04-10 16:26:01,673][MainThread:6048][task_id:管理员记录][admin_interface.py:29][DEBUG][admin修改了jason的额度]
[2022-04-10 16:26:11,797][MainThread:6048][task_id:用户记录][user_interface.py:32][INFO][jason登录了系统]
